c:\users\mihai\desktop\comp345_project\finalrelease\debug\vc140.pdb
c:\users\mihai\desktop\comp345_project\finalrelease\debug\vc140.idb
c:\users\mihai\desktop\comp345_project\finalrelease\debug\observer.obj
c:\users\mihai\desktop\comp345_project\finalrelease\debug\oil.obj
c:\users\mihai\desktop\comp345_project\finalrelease\debug\pgcontroller.obj
c:\users\mihai\desktop\comp345_project\finalrelease\debug\pggameengine.obj
c:\users\mihai\desktop\comp345_project\finalrelease\debug\pgmodel.obj
c:\users\mihai\desktop\comp345_project\finalrelease\debug\pgview.obj
c:\users\mihai\desktop\comp345_project\finalrelease\debug\pgwindow.obj
c:\users\mihai\desktop\comp345_project\finalrelease\debug\player.obj
c:\users\mihai\desktop\comp345_project\finalrelease\debug\powerplant.obj
c:\users\mihai\desktop\comp345_project\finalrelease\debug\powerplantmarket.obj
c:\users\mihai\desktop\comp345_project\finalrelease\debug\powerplantobserverview.obj
c:\users\mihai\desktop\comp345_project\finalrelease\debug\powerplantsubject.obj
c:\users\mihai\desktop\comp345_project\finalrelease\debug\region.obj
c:\users\mihai\desktop\comp345_project\finalrelease\debug\resource.obj
c:\users\mihai\desktop\comp345_project\finalrelease\debug\resourcemarket.obj
c:\users\mihai\desktop\comp345_project\finalrelease\debug\scoringtrack.obj
c:\users\mihai\desktop\comp345_project\finalrelease\debug\subject.obj
c:\users\mihai\desktop\comp345_project\finalrelease\debug\summarycards.obj
c:\users\mihai\desktop\comp345_project\finalrelease\debug\uranium.obj
c:\users\mihai\desktop\comp345_project\finalrelease\debug\utility.obj
c:\users\mihai\desktop\comp345_project\finalrelease\debug\aggressive.obj
c:\users\mihai\desktop\comp345_project\finalrelease\debug\city.obj
c:\users\mihai\desktop\comp345_project\finalrelease\debug\coal.obj
c:\users\mihai\desktop\comp345_project\finalrelease\debug\garbage.obj
c:\users\mihai\desktop\comp345_project\finalrelease\debug\house.obj
c:\users\mihai\desktop\comp345_project\finalrelease\debug\main.obj
c:\users\mihai\desktop\comp345_project\finalrelease\debug\map.obj
c:\users\mihai\desktop\comp345_project\finalrelease\debug\memoryhandler.obj
c:\users\mihai\desktop\comp345_project\finalrelease\debug\bureaucracy.obj
c:\users\mihai\desktop\comp345_project\finalrelease\debug\defensive.obj
c:\users\mihai\desktop\comp345_project\finalrelease\debug\gameprocedure.obj
c:\users\mihai\desktop\comp345_project\finalrelease\debug\powerplantauction.obj
c:\users\mihai\desktop\comp345_project\finalrelease\debug\random.obj
c:\users\mihai\desktop\comp345_project\finalrelease\debug\building.obj
c:\users\mihai\desktop\comp345_project\finalrelease\debug\buyingresources.obj
c:\users\mihai\desktop\comp345_project\debug\finalrelease.lib
c:\users\mihai\desktop\comp345_project\debug\finalrelease.exp
c:\users\mihai\desktop\comp345_project\debug\finalrelease.ilk
c:\users\mihai\desktop\comp345_project\debug\finalrelease.exe
c:\users\mihai\desktop\comp345_project\debug\finalrelease.pdb
c:\users\mihai\desktop\comp345_project\finalrelease\debug\finalrelease.tlog\cl.command.1.tlog
c:\users\mihai\desktop\comp345_project\finalrelease\debug\finalrelease.tlog\cl.read.1.tlog
c:\users\mihai\desktop\comp345_project\finalrelease\debug\finalrelease.tlog\cl.write.1.tlog
c:\users\mihai\desktop\comp345_project\finalrelease\debug\finalrelease.tlog\finalrelease.write.1u.tlog
c:\users\mihai\desktop\comp345_project\finalrelease\debug\finalrelease.tlog\link-cvtres.read.1.tlog
c:\users\mihai\desktop\comp345_project\finalrelease\debug\finalrelease.tlog\link-cvtres.write.1.tlog
c:\users\mihai\desktop\comp345_project\finalrelease\debug\finalrelease.tlog\link-rc.read.1.tlog
c:\users\mihai\desktop\comp345_project\finalrelease\debug\finalrelease.tlog\link-rc.write.1.tlog
c:\users\mihai\desktop\comp345_project\finalrelease\debug\finalrelease.tlog\link.14528-cvtres.read.1.tlog
c:\users\mihai\desktop\comp345_project\finalrelease\debug\finalrelease.tlog\link.14528-cvtres.write.1.tlog
c:\users\mihai\desktop\comp345_project\finalrelease\debug\finalrelease.tlog\link.14528-rc.read.1.tlog
c:\users\mihai\desktop\comp345_project\finalrelease\debug\finalrelease.tlog\link.14528-rc.write.1.tlog
c:\users\mihai\desktop\comp345_project\finalrelease\debug\finalrelease.tlog\link.14528.read.1.tlog
c:\users\mihai\desktop\comp345_project\finalrelease\debug\finalrelease.tlog\link.14528.write.1.tlog
c:\users\mihai\desktop\comp345_project\finalrelease\debug\finalrelease.tlog\link.command.1.tlog
c:\users\mihai\desktop\comp345_project\finalrelease\debug\finalrelease.tlog\link.read.1.tlog
c:\users\mihai\desktop\comp345_project\finalrelease\debug\finalrelease.tlog\link.write.1.tlog
